[debug] [2022-07-27T05:59:23.335Z] ----------------------------------------------------------------------
[debug] [2022-07-27T05:59:23.338Z] Command:       C:\Program Files\nodejs\node.exe C:\Users\xMARTOx\AppData\Roaming\npm\node_modules\firebase-tools\lib\bin\firebase.js init
[debug] [2022-07-27T05:59:23.339Z] CLI Version:   11.4.0
[debug] [2022-07-27T05:59:23.339Z] Platform:      win32
[debug] [2022-07-27T05:59:23.339Z] Node Version:  v16.15.1
[debug] [2022-07-27T05:59:23.340Z] Time:          Wed Jul 27 2022 02:59:23 GMT-0300 (hora estándar de Argentina)
[debug] [2022-07-27T05:59:23.341Z] ----------------------------------------------------------------------
[debug] 
[debug] [2022-07-27T05:59:23.398Z] > command requires scopes: ["email","openid","https://www.googleapis.com/auth/cloudplatformprojects.readonly","https://www.googleapis.com/auth/firebase","https://www.googleapis.com/auth/cloud-platform"]
[debug] [2022-07-27T05:59:23.398Z] > authorizing via signed-in user (martosproject@gmail.com)
[info] 
     ######## #### ########  ######## ########     ###     ######  ########
     ##        ##  ##     ## ##       ##     ##  ##   ##  ##       ##
     ######    ##  ########  ######   ########  #########  ######  ######
     ##        ##  ##    ##  ##       ##     ## ##     ##       ## ##
     ##       #### ##     ## ######## ########  ##     ##  ######  ########

You're about to initialize a Firebase project in this directory:

  C:\Users\xMARTOx\Desktop\ARGENTINA PROGRAMA\portfolio\frontend

Before we get started, keep in mind:

  * You are initializing within an existing Firebase project directory

